<?xml version="1.0" encoding="UTF-8"?>
<!-- Generated by org.testng.reporters.JUnitXMLReporter -->
<testsuite hostname="DESKTOP-6C6GB7L" ignored="0" name="Test" tests="7" failures="1" timestamp="14 May 2017 07:51:57 GMT" time="0.069" errors="0">
  <testcase name="t1" time="0.018" classname="jenkins_maven_log4IntegrationProject.com.iqbal.choudhury.pack1.Test1">
    <skipped/>
  </testcase> <!-- t1 -->
  <testcase name="t1" time="0.0" classname="jenkins_maven_log4IntegrationProject.com.iqbal.choudhury.pack1.Test1">
    <failure type="java.lang.AssertionError" message="expected [true] but found [false]">
      <![CDATA[java.lang.AssertionError: expected [true] but found [false]
	at jenkins_maven_log4IntegrationProject.com.iqbal.choudhury.pack1.Test1.t1(Test1.java:17)
... Removed 29 stack frames]]>
    </failure>
  </testcase> <!-- t1 -->
  <testcase name="t2" time="0.0" classname="jenkins_maven_log4IntegrationProject.com.iqbal.choudhury.pack1.Test1"/>
  <testcase name="t3" time="0.002" classname="jenkins_maven_log4IntegrationProject.com.iqbal.choudhury.pack1.Test1"/>
  <testcase name="t1" time="0.0" classname="jenkins_maven_log4IntegrationProject.com.iqbal.choudhury.pack2.Test1"/>
  <testcase name="t3" time="0.0" classname="jenkins_maven_log4IntegrationProject.com.iqbal.choudhury.pack2.Test1"/>
  <testcase name="t2" time="0.0" classname="jenkins_maven_log4IntegrationProject.com.iqbal.choudhury.pack2.Test1"/>
</testsuite> <!-- Test -->
