<html>
<head>
<title>TestNG:  Test</title>
<link href="../testng.css" rel="stylesheet" type="text/css" />
<link href="../my-testng.css" rel="stylesheet" type="text/css" />

<style type="text/css">
.log { display: none;} 
.stack-trace { display: none;} 
</style>
<script type="text/javascript">
<!--
function flip(e) {
  current = e.style.display;
  if (current == 'block') {
    e.style.display = 'none';
    return 0;
  }
  else {
    e.style.display = 'block';
    return 1;
  }
}

function toggleBox(szDivId, elem, msg1, msg2)
{
  var res = -1;  if (document.getElementById) {
    res = flip(document.getElementById(szDivId));
  }
  else if (document.all) {
    // this is the way old msie versions work
    res = flip(document.all[szDivId]);
  }
  if(elem) {
    if(res == 0) elem.innerHTML = msg1; else elem.innerHTML = msg2;
  }

}

function toggleAllBoxes() {
  if (document.getElementsByTagName) {
    d = document.getElementsByTagName('div');
    for (i = 0; i < d.length; i++) {
      if (d[i].className == 'log') {
        flip(d[i]);
      }
    }
  }
}

// -->
</script>

</head>
<body>
<h2 align='center'>Test</h2><table border='1' align="center">
<tr>
<td>Tests passed/Failed/Skipped:</td><td>5/1/1</td>
</tr><tr>
<td>Started on:</td><td>Sun May 14 03:51:57 EDT 2017</td>
</tr>
<tr><td>Total time:</td><td>0 seconds (69 ms)</td>
</tr><tr>
<td>Included groups:</td><td></td>
</tr><tr>
<td>Excluded groups:</td><td></td>
</tr>
</table><p/>
<small><i>(Hover the method name to see the test class name)</i></small><p/>
<table width='100%' border='1' class='invocation-failed'>
<tr><td colspan='4' align='center'><b>FAILED TESTS</b></td></tr>
<tr><td><b>Test method</b></td>
<td width="30%"><b>Exception</b></td>
<td width="10%"><b>Time (seconds)</b></td>
<td><b>Instance</b></td>
</tr>
<tr>
<td title='jenkins_maven_log4IntegrationProject.com.iqbal.choudhury.pack1.Test1.t1()'><b>t1</b><br>Test class: jenkins_maven_log4IntegrationProject.com.iqbal.choudhury.pack1.Test1<br/>
<a href="#Output-841283083" onClick='toggleBox("Output-841283083", this, "Show output", "Hide output");'>Show output</a>

<a href="#Output-841283083" onClick="toggleAllBoxes();">Show all outputs</a>
<div class='log' id="Output-841283083">
-----Starting test----t1<br/>
completed Test1 class t1<br/>
-----failed  test----t1<br/>
</div>
</td>
<td><div><pre>java.lang.AssertionError: expected [true] but found [false]
	at jenkins_maven_log4IntegrationProject.com.iqbal.choudhury.pack1.Test1.t1(Test1.java:17)
... Removed 29 stack frames</pre></div><a href='#' onClick='toggleBox("stack-trace841283083", this, "Click to show all stack frames", "Click to hide stack frames")'>Click to show all stack frames</a>
<div class='stack-trace' id='stack-trace841283083'><pre>java.lang.AssertionError: expected [true] but found [false]
	at org.testng.Assert.fail(Assert.java:94)
	at org.testng.Assert.failNotEquals(Assert.java:513)
	at org.testng.Assert.assertTrue(Assert.java:42)
	at org.testng.Assert.assertTrue(Assert.java:52)
	at jenkins_maven_log4IntegrationProject.com.iqbal.choudhury.pack1.Test1.t1(Test1.java:17)
	at sun.reflect.NativeMethodAccessorImpl.invoke0(Native Method)
	at sun.reflect.NativeMethodAccessorImpl.invoke(NativeMethodAccessorImpl.java:62)
	at sun.reflect.DelegatingMethodAccessorImpl.invoke(DelegatingMethodAccessorImpl.java:43)
	at java.lang.reflect.Method.invoke(Method.java:498)
	at org.testng.internal.MethodInvocationHelper.invokeMethod(MethodInvocationHelper.java:104)
	at org.testng.internal.Invoker.invokeMethod(Invoker.java:645)
	at org.testng.internal.Invoker.retryFailed(Invoker.java:998)
	at org.testng.internal.Invoker.invokeTestMethods(Invoker.java:1200)
	at org.testng.internal.TestMethodWorker.invokeTestMethods(TestMethodWorker.java:129)
	at org.testng.internal.TestMethodWorker.run(TestMethodWorker.java:112)
	at org.testng.TestRunner.privateRun(TestRunner.java:756)
	at org.testng.TestRunner.run(TestRunner.java:610)
	at org.testng.SuiteRunner.runTest(SuiteRunner.java:387)
	at org.testng.SuiteRunner.runSequentially(SuiteRunner.java:382)
	at org.testng.SuiteRunner.privateRun(SuiteRunner.java:340)
	at org.testng.SuiteRunner.run(SuiteRunner.java:289)
	at org.testng.SuiteRunnerWorker.runSuite(SuiteRunnerWorker.java:52)
	at org.testng.SuiteRunnerWorker.run(SuiteRunnerWorker.java:86)
	at org.testng.TestNG.runSuitesSequentially(TestNG.java:1293)
	at org.testng.TestNG.runSuitesLocally(TestNG.java:1218)
	at org.testng.TestNG.runSuites(TestNG.java:1133)
	at org.testng.TestNG.run(TestNG.java:1104)
	at org.testng.remote.AbstractRemoteTestNG.run(AbstractRemoteTestNG.java:132)
	at org.testng.remote.RemoteTestNG.initAndRun(RemoteTestNG.java:230)
	at org.testng.remote.RemoteTestNG.main(RemoteTestNG.java:76)
</pre></div></td>
<td>0</td>
<td>jenkins_maven_log4IntegrationProject.com.iqbal.choudhury.pack1.Test1@1a968a59</td></tr>
</table><p>
<table width='100%' border='1' class='invocation-passed'>
<tr><td colspan='4' align='center'><b>PASSED TESTS</b></td></tr>
<tr><td><b>Test method</b></td>
<td width="30%"><b>Exception</b></td>
<td width="10%"><b>Time (seconds)</b></td>
<td><b>Instance</b></td>
</tr>
<tr>
<td title='jenkins_maven_log4IntegrationProject.com.iqbal.choudhury.pack2.Test1.t1()'><b>t1</b><br>Test class: jenkins_maven_log4IntegrationProject.com.iqbal.choudhury.pack2.Test1<br/>
<a href="#Output-157683534" onClick='toggleBox("Output-157683534", this, "Show output", "Hide output");'>Show output</a>

<a href="#Output-157683534" onClick="toggleAllBoxes();">Show all outputs</a>
<div class='log' id="Output-157683534">
-----Starting test----t1<br/>
completed Test1 class t1 pack2<br/>
----- test success----t1<br/>
</div>
</td>
<td></td>
<td>0</td>
<td>jenkins_maven_log4IntegrationProject.com.iqbal.choudhury.pack2.Test1@4667ae56</td></tr>
<tr>
<td title='jenkins_maven_log4IntegrationProject.com.iqbal.choudhury.pack1.Test1.t2()'><b>t2</b><br>Test class: jenkins_maven_log4IntegrationProject.com.iqbal.choudhury.pack1.Test1<br/>
<a href="#Output-520016214" onClick='toggleBox("Output-520016214", this, "Show output", "Hide output");'>Show output</a>

<a href="#Output-520016214" onClick="toggleAllBoxes();">Show all outputs</a>
<div class='log' id="Output-520016214">
-----Starting test----t2<br/>
completed Test1 class t2<br/>
----- test success----t2<br/>
</div>
</td>
<td></td>
<td>0</td>
<td>jenkins_maven_log4IntegrationProject.com.iqbal.choudhury.pack1.Test1@1a968a59</td></tr>
<tr>
<td title='jenkins_maven_log4IntegrationProject.com.iqbal.choudhury.pack2.Test1.t2()'><b>t2</b><br>Test class: jenkins_maven_log4IntegrationProject.com.iqbal.choudhury.pack2.Test1<br/>
<a href="#Output-1816757085" onClick='toggleBox("Output-1816757085", this, "Show output", "Hide output");'>Show output</a>

<a href="#Output-1816757085" onClick="toggleAllBoxes();">Show all outputs</a>
<div class='log' id="Output-1816757085">
-----Starting test----t2<br/>
completed Test1 class t2 pack2<br/>
----- test success----t2<br/>
</div>
</td>
<td></td>
<td>0</td>
<td>jenkins_maven_log4IntegrationProject.com.iqbal.choudhury.pack2.Test1@4667ae56</td></tr>
<tr>
<td title='jenkins_maven_log4IntegrationProject.com.iqbal.choudhury.pack1.Test1.t3()'><b>t3</b><br>Test class: jenkins_maven_log4IntegrationProject.com.iqbal.choudhury.pack1.Test1<br/>
<a href="#Output-1731722639" onClick='toggleBox("Output-1731722639", this, "Show output", "Hide output");'>Show output</a>

<a href="#Output-1731722639" onClick="toggleAllBoxes();">Show all outputs</a>
<div class='log' id="Output-1731722639">
-----Starting test----t3<br/>
completed Test1 class t3<br/>
----- test success----t3<br/>
</div>
</td>
<td></td>
<td>0</td>
<td>jenkins_maven_log4IntegrationProject.com.iqbal.choudhury.pack1.Test1@1a968a59</td></tr>
<tr>
<td title='jenkins_maven_log4IntegrationProject.com.iqbal.choudhury.pack2.Test1.t3()'><b>t3</b><br>Test class: jenkins_maven_log4IntegrationProject.com.iqbal.choudhury.pack2.Test1<br/>
<a href="#Output-1518864111" onClick='toggleBox("Output-1518864111", this, "Show output", "Hide output");'>Show output</a>

<a href="#Output-1518864111" onClick="toggleAllBoxes();">Show all outputs</a>
<div class='log' id="Output-1518864111">
-----Starting test----t3<br/>
completed Test1 class t3 pack2<br/>
----- test success----t3<br/>
</div>
</td>
<td></td>
<td>0</td>
<td>jenkins_maven_log4IntegrationProject.com.iqbal.choudhury.pack2.Test1@4667ae56</td></tr>
</table><p>
<table width='100%' border='1' class='invocation-skipped'>
<tr><td colspan='4' align='center'><b>SKIPPED TESTS</b></td></tr>
<tr><td><b>Test method</b></td>
<td width="30%"><b>Exception</b></td>
<td width="10%"><b>Time (seconds)</b></td>
<td><b>Instance</b></td>
</tr>
<tr>
<td title='jenkins_maven_log4IntegrationProject.com.iqbal.choudhury.pack1.Test1.t1()'><b>t1</b><br>Test class: jenkins_maven_log4IntegrationProject.com.iqbal.choudhury.pack1.Test1<br/>
<a href="#Output-1354011814" onClick='toggleBox("Output-1354011814", this, "Show output", "Hide output");'>Show output</a>

<a href="#Output-1354011814" onClick="toggleAllBoxes();">Show all outputs</a>
<div class='log' id="Output-1354011814">
-----Starting test----t1<br/>
completed Test1 class t1<br/>
-----Skipped test----t1<br/>
</div>
</td>
<td><div><pre>java.lang.AssertionError: expected [true] but found [false]
	at jenkins_maven_log4IntegrationProject.com.iqbal.choudhury.pack1.Test1.t1(Test1.java:17)
... Removed 29 stack frames</pre></div><a href='#' onClick='toggleBox("stack-trace1354011814", this, "Click to show all stack frames", "Click to hide stack frames")'>Click to show all stack frames</a>
<div class='stack-trace' id='stack-trace1354011814'><pre>java.lang.AssertionError: expected [true] but found [false]
	at org.testng.Assert.fail(Assert.java:94)
	at org.testng.Assert.failNotEquals(Assert.java:513)
	at org.testng.Assert.assertTrue(Assert.java:42)
	at org.testng.Assert.assertTrue(Assert.java:52)
	at jenkins_maven_log4IntegrationProject.com.iqbal.choudhury.pack1.Test1.t1(Test1.java:17)
	at sun.reflect.NativeMethodAccessorImpl.invoke0(Native Method)
	at sun.reflect.NativeMethodAccessorImpl.invoke(NativeMethodAccessorImpl.java:62)
	at sun.reflect.DelegatingMethodAccessorImpl.invoke(DelegatingMethodAccessorImpl.java:43)
	at java.lang.reflect.Method.invoke(Method.java:498)
	at org.testng.internal.MethodInvocationHelper.invokeMethod(MethodInvocationHelper.java:104)
	at org.testng.internal.Invoker.invokeMethod(Invoker.java:645)
	at org.testng.internal.Invoker.invokeTestMethod(Invoker.java:851)
	at org.testng.internal.Invoker.invokeTestMethods(Invoker.java:1177)
	at org.testng.internal.TestMethodWorker.invokeTestMethods(TestMethodWorker.java:129)
	at org.testng.internal.TestMethodWorker.run(TestMethodWorker.java:112)
	at org.testng.TestRunner.privateRun(TestRunner.java:756)
	at org.testng.TestRunner.run(TestRunner.java:610)
	at org.testng.SuiteRunner.runTest(SuiteRunner.java:387)
	at org.testng.SuiteRunner.runSequentially(SuiteRunner.java:382)
	at org.testng.SuiteRunner.privateRun(SuiteRunner.java:340)
	at org.testng.SuiteRunner.run(SuiteRunner.java:289)
	at org.testng.SuiteRunnerWorker.runSuite(SuiteRunnerWorker.java:52)
	at org.testng.SuiteRunnerWorker.run(SuiteRunnerWorker.java:86)
	at org.testng.TestNG.runSuitesSequentially(TestNG.java:1293)
	at org.testng.TestNG.runSuitesLocally(TestNG.java:1218)
	at org.testng.TestNG.runSuites(TestNG.java:1133)
	at org.testng.TestNG.run(TestNG.java:1104)
	at org.testng.remote.AbstractRemoteTestNG.run(AbstractRemoteTestNG.java:132)
	at org.testng.remote.RemoteTestNG.initAndRun(RemoteTestNG.java:230)
	at org.testng.remote.RemoteTestNG.main(RemoteTestNG.java:76)
</pre></div></td>
<td>0</td>
<td>jenkins_maven_log4IntegrationProject.com.iqbal.choudhury.pack1.Test1@1a968a59</td></tr>
</table><p>
</body>
</html>